TN:
SF:/Users/rodrigooler/Projects/react-grommet-boilerplate/src/js/App.js
FN:8,_interopRequireDefault
FNF:1
FNH:0
FNDA:0,_interopRequireDefault
DA:1,0
DA:8,0
DA:10,0
DA:12,0
DA:13,0
DA:14,0
DA:16,0
DA:18,0
DA:20,0
LF:9
LH:0
BRDA:8,0,0,0
BRDA:8,0,1,0
BRDA:8,1,0,0
BRDA:8,1,1,0
BRDA:20,2,0,0
BRDA:20,2,1,0
BRF:6
BRH:0
end_of_record
TN:
SF:/Users/rodrigooler/Projects/react-grommet-boilerplate/src/js/index.js
FN:9,_interopRequireDefault
FNF:1
FNH:0
FNDA:0,_interopRequireDefault
DA:9,0
DA:13,0
DA:16,0
LF:3
LH:0
BRDA:9,0,0,0
BRDA:9,0,1,0
BRDA:9,1,0,0
BRDA:9,1,1,0
BRF:4
BRH:0
end_of_record
TN:
SF:/Users/rodrigooler/Projects/react-grommet-boilerplate/src/js/store.js
FN:3,_interopRequireDefault
FNF:1
FNH:0
FNDA:0,_interopRequireDefault
DA:1,0
DA:3,0
LF:2
LH:0
BRDA:3,0,0,0
BRDA:3,0,1,0
BRDA:3,1,0,0
BRDA:3,1,1,0
BRF:4
BRH:0
end_of_record
TN:
SF:/Users/rodrigooler/Projects/react-grommet-boilerplate/src/js/actions/dashboard.js
FN:17,loadDashboard
FN:17,(anonymous_1)
FN:17,unloadDashboard
FNF:3
FNH:0
FNDA:0,loadDashboard
FNDA:0,(anonymous_1)
FNDA:0,unloadDashboard
DA:1,0
DA:17,0
DA:19,0
LF:3
LH:0
BRF:0
BRH:0
end_of_record
TN:
SF:/Users/rodrigooler/Projects/react-grommet-boilerplate/src/js/actions/index.js
FNF:0
FNH:0
DA:1,0
DA:4,0
DA:5,0
DA:6,0
DA:9,0
DA:10,0
DA:13,0
DA:14,0
DA:15,0
DA:16,0
DA:19,0
DA:20,0
DA:21,0
LF:13
LH:0
BRF:0
BRH:0
end_of_record
TN:
SF:/Users/rodrigooler/Projects/react-grommet-boilerplate/src/js/actions/nav.js
FN:13,navActivate
FN:13,navEnable
FN:13,navResponsive
FNF:3
FNH:0
FNDA:0,navActivate
FNDA:0,navEnable
FNDA:0,navResponsive
DA:1,0
DA:13,0
DA:14,0
LF:3
LH:0
BRF:0
BRH:0
end_of_record
TN:
SF:/Users/rodrigooler/Projects/react-grommet-boilerplate/src/js/actions/session.js
FN:48,initialize
FN:48,(anonymous_1)
FN:48,login
FN:48,(anonymous_3)
FN:48,logout
FN:49,(anonymous_5)
FNF:6
FNH:0
FNDA:0,initialize
FNDA:0,(anonymous_1)
FNDA:0,login
FNDA:0,(anonymous_3)
FNDA:0,logout
FNDA:0,(anonymous_5)
DA:1,0
DA:48,0
DA:49,0
DA:50,0
DA:53,0
DA:54,0
DA:55,0
DA:56,0
DA:60,0
LF:9
LH:0
BRDA:48,0,0,0
BRDA:48,0,1,0
BRDA:48,1,0,0
BRDA:48,1,1,0
BRF:4
BRH:0
end_of_record
TN:
SF:/Users/rodrigooler/Projects/react-grommet-boilerplate/src/js/actions/tasks.js
FN:37,loadTasks
FN:37,(anonymous_1)
FN:37,unloadTasks
FN:37,loadTask
FN:37,(anonymous_4)
FN:37,unloadTask
FNF:6
FNH:0
FNDA:0,loadTasks
FNDA:0,(anonymous_1)
FNDA:0,unloadTasks
FNDA:0,loadTask
FNDA:0,(anonymous_4)
FNDA:0,unloadTask
DA:1,0
DA:37,0
DA:39,0
LF:3
LH:0
BRF:0
BRH:0
end_of_record
TN:
SF:/Users/rodrigooler/Projects/react-grommet-boilerplate/src/js/api/dashboard.js
FN:10,watchDashboard
FN:10,unwatchDashboard
FNF:2
FNH:0
FNDA:0,watchDashboard
FNDA:0,unwatchDashboard
DA:1,0
DA:10,0
DA:11,0
DA:12,0
LF:4
LH:0
BRDA:11,0,0,0
BRDA:11,0,1,0
BRF:2
BRH:0
end_of_record
TN:
SF:/Users/rodrigooler/Projects/react-grommet-boilerplate/src/js/api/request-watcher.js
FN:1,(anonymous_0)
FN:1,defineProperties
FN:1,(anonymous_2)
FN:3,_getRequest
FN:11,(anonymous_4)
FN:14,(anonymous_5)
FNF:6
FNH:0
FNDA:0,(anonymous_0)
FNDA:0,defineProperties
FNDA:0,(anonymous_2)
FNDA:0,_getRequest
FNDA:0,(anonymous_4)
FNDA:0,(anonymous_5)
DA:1,0
DA:4,0
DA:5,0
DA:7,0
DA:8,0
DA:19,0
LF:6
LH:0
BRDA:1,0,0,0
BRDA:1,0,1,0
BRDA:1,1,0,0
BRDA:1,1,1,0
BRDA:1,2,0,0
BRDA:1,2,1,0
BRDA:1,3,0,0
BRDA:1,3,1,0
BRDA:4,4,0,0
BRDA:4,4,1,0
BRF:10
BRH:0
end_of_record
TN:
SF:/Users/rodrigooler/Projects/react-grommet-boilerplate/src/js/api/session.js
FN:14,postSession
FN:14,deleteSession
FNF:2
FNH:0
FNDA:0,postSession
FNDA:0,deleteSession
DA:1,0
DA:14,0
DA:15,0
DA:20,0
LF:4
LH:0
BRF:0
BRH:0
end_of_record
TN:
SF:/Users/rodrigooler/Projects/react-grommet-boilerplate/src/js/api/tasks.js
FN:33,_interopRequireDefault
FN:33,watchTasks
FN:33,unwatchTasks
FN:33,watchTask
FN:33,unwatchTask
FNF:5
FNH:0
FNDA:0,_interopRequireDefault
FNDA:0,watchTasks
FNDA:0,unwatchTasks
FNDA:0,watchTask
FNDA:0,unwatchTask
DA:1,0
DA:33,0
DA:34,0
DA:35,0
LF:4
LH:0
BRDA:33,0,0,0
BRDA:33,0,1,0
BRDA:33,1,0,0
BRDA:33,1,1,0
BRDA:33,2,0,0
BRDA:33,2,1,0
BRDA:33,3,0,0
BRDA:33,4,0,0
BRDA:33,4,1,0
BRDA:34,5,0,0
BRDA:34,5,1,0
BRF:11
BRH:0
end_of_record
TN:
SF:/Users/rodrigooler/Projects/react-grommet-boilerplate/src/js/api/utils.js
FN:1,(anonymous_0)
FN:19,_interopRequireDefault
FN:19,headers
FN:19,parseJSON
FN:19,updateHeaders
FN:21,(anonymous_5)
FNF:6
FNH:0
FNDA:0,(anonymous_0)
FNDA:0,_interopRequireDefault
FNDA:0,headers
FNDA:0,parseJSON
FNDA:0,updateHeaders
FNDA:0,(anonymous_5)
DA:1,0
DA:19,0
DA:20,0
DA:21,0
DA:22,0
DA:23,0
DA:28,0
LF:7
LH:0
BRDA:1,0,0,0
BRDA:1,0,1,0
BRDA:1,1,0,0
BRDA:1,1,1,0
BRDA:19,2,0,0
BRDA:19,2,1,0
BRDA:19,3,0,0
BRDA:19,3,1,0
BRDA:19,4,0,0
BRDA:19,4,1,0
BRDA:22,5,0,0
BRDA:22,5,1,0
BRF:12
BRH:0
end_of_record
TN:
SF:/Users/rodrigooler/Projects/react-grommet-boilerplate/src/js/components/Main.js
FN:1,(anonymous_0)
FN:1,defineProperties
FN:1,(anonymous_2)
FN:15,_interopRequireDefault
FN:15,_classCallCheck
FN:15,_possibleConstructorReturn
FN:15,_inherits
FN:17,(anonymous_7)
FN:19,Main
FN:22,_onResponsive
FN:26,render
FN:69,select
FNF:12
FNH:0
FNDA:0,(anonymous_0)
FNDA:0,defineProperties
FNDA:0,(anonymous_2)
FNDA:0,_interopRequireDefault
FNDA:0,_classCallCheck
FNDA:0,_possibleConstructorReturn
FNDA:0,_inherits
FNDA:0,(anonymous_7)
FNDA:0,Main
FNDA:0,_onResponsive
FNDA:0,render
FNDA:0,select
DA:1,0
DA:15,0
DA:17,0
DA:19,0
DA:22,0
DA:25,0
DA:32,0
DA:33,0
DA:34,0
DA:35,0
DA:37,0
DA:39,0
DA:57,0
DA:60,0
DA:69,0
LF:15
LH:0
BRDA:1,0,0,0
BRDA:1,0,1,0
BRDA:1,1,0,0
BRDA:1,1,1,0
BRDA:1,2,0,0
BRDA:1,2,1,0
BRDA:1,3,0,0
BRDA:1,3,1,0
BRDA:15,4,0,0
BRDA:15,4,1,0
BRDA:15,5,0,0
BRDA:15,5,1,0
BRDA:15,6,0,0
BRDA:15,6,1,0
BRDA:15,7,0,0
BRDA:15,7,1,0
BRDA:15,8,0,0
BRDA:15,8,1,0
BRDA:15,9,0,0
BRDA:15,9,1,0
BRDA:15,9,2,0
BRDA:15,10,0,0
BRDA:15,10,1,0
BRDA:15,11,0,0
BRDA:15,11,1,0
BRDA:15,12,0,0
BRDA:15,12,1,0
BRDA:15,13,0,0
BRDA:15,13,1,0
BRDA:15,14,0,0
BRDA:15,14,1,0
BRDA:19,15,0,0
BRDA:19,15,1,0
BRDA:32,16,0,0
BRDA:32,16,1,0
BRDA:34,17,0,0
BRDA:34,17,1,0
BRDA:37,18,0,0
BRDA:37,18,1,0
BRDA:37,19,0,0
BRDA:37,19,1,0
BRF:41
BRH:0
end_of_record
TN:
SF:/Users/rodrigooler/Projects/react-grommet-boilerplate/src/js/components/NavControl.js
FN:1,(anonymous_0)
FN:1,defineProperties
FN:1,(anonymous_2)
FN:11,_classCallCheck
FN:11,_possibleConstructorReturn
FN:11,_inherits
FN:13,(anonymous_6)
FN:13,NavControl
FN:13,render
FN:21,onClick
FN:42,select
FNF:11
FNH:0
FNDA:0,(anonymous_0)
FNDA:0,defineProperties
FNDA:0,(anonymous_2)
FNDA:0,_classCallCheck
FNDA:0,_possibleConstructorReturn
FNDA:0,_inherits
FNDA:0,(anonymous_6)
FNDA:0,NavControl
FNDA:0,render
FNDA:0,onClick
FNDA:0,select
DA:1,0
DA:11,0
DA:13,0
DA:15,0
DA:17,0
DA:18,0
DA:19,0
DA:20,0
DA:30,0
DA:32,0
DA:33,0
DA:36,0
DA:42,0
LF:13
LH:0
BRDA:1,0,0,0
BRDA:1,0,1,0
BRDA:1,1,0,0
BRDA:1,1,1,0
BRDA:1,2,0,0
BRDA:1,2,1,0
BRDA:1,3,0,0
BRDA:1,3,1,0
BRDA:11,4,0,0
BRDA:11,4,1,0
BRDA:11,5,0,0
BRDA:11,5,1,0
BRDA:11,6,0,0
BRDA:11,6,1,0
BRDA:11,7,0,0
BRDA:11,7,1,0
BRDA:11,7,2,0
BRDA:11,8,0,0
BRDA:11,8,1,0
BRDA:11,9,0,0
BRDA:11,9,1,0
BRDA:11,10,0,0
BRDA:11,10,1,0
BRDA:11,11,0,0
BRDA:11,11,1,0
BRDA:11,12,0,0
BRDA:11,12,1,0
BRDA:13,13,0,0
BRDA:13,13,1,0
BRDA:18,14,0,0
BRDA:18,14,1,0
BRDA:19,15,0,0
BRDA:19,15,1,0
BRF:33
BRH:0
end_of_record
TN:
SF:/Users/rodrigooler/Projects/react-grommet-boilerplate/src/js/components/NavSidebar.js
FN:1,(anonymous_0)
FN:1,defineProperties
FN:1,(anonymous_2)
FN:15,_classCallCheck
FN:15,_possibleConstructorReturn
FN:15,_inherits
FN:17,(anonymous_6)
FN:19,NavSidebar
FN:22,_onClose
FN:26,render
FN:31,(anonymous_10)
FN:67,select
FNF:12
FNH:0
FNDA:0,(anonymous_0)
FNDA:0,defineProperties
FNDA:0,(anonymous_2)
FNDA:0,_classCallCheck
FNDA:0,_possibleConstructorReturn
FNDA:0,_inherits
FNDA:0,(anonymous_6)
FNDA:0,NavSidebar
FNDA:0,_onClose
FNDA:0,render
FNDA:0,(anonymous_10)
FNDA:0,select
DA:1,0
DA:15,0
DA:17,0
DA:19,0
DA:22,0
DA:25,0
DA:31,0
DA:35,0
DA:53,0
DA:57,0
DA:67,0
LF:11
LH:0
BRDA:1,0,0,0
BRDA:1,0,1,0
BRDA:1,1,0,0
BRDA:1,1,1,0
BRDA:1,2,0,0
BRDA:1,2,1,0
BRDA:1,3,0,0
BRDA:1,3,1,0
BRDA:15,4,0,0
BRDA:15,4,1,0
BRDA:15,5,0,0
BRDA:15,5,1,0
BRDA:15,6,0,0
BRDA:15,6,1,0
BRDA:15,7,0,0
BRDA:15,7,1,0
BRDA:15,7,2,0
BRDA:15,8,0,0
BRDA:15,8,1,0
BRDA:15,9,0,0
BRDA:15,9,1,0
BRDA:15,10,0,0
BRDA:15,10,1,0
BRDA:15,11,0,0
BRDA:15,11,1,0
BRDA:15,12,0,0
BRDA:15,12,1,0
BRDA:19,13,0,0
BRDA:19,13,1,0
BRF:29
BRH:0
end_of_record
TN:
SF:/Users/rodrigooler/Projects/react-grommet-boilerplate/src/js/components/SessionMenu.js
FN:1,(anonymous_0)
FN:1,defineProperties
FN:1,(anonymous_2)
FN:10,_classCallCheck
FN:10,_possibleConstructorReturn
FN:10,_inherits
FN:12,(anonymous_6)
FN:14,SessionMenu
FN:17,_onLogout
FN:23,render
FN:47,select
FNF:11
FNH:0
FNDA:0,(anonymous_0)
FNDA:0,defineProperties
FNDA:0,(anonymous_2)
FNDA:0,_classCallCheck
FNDA:0,_possibleConstructorReturn
FNDA:0,_inherits
FNDA:0,(anonymous_6)
FNDA:0,SessionMenu
FNDA:0,_onLogout
FNDA:0,render
FNDA:0,select
DA:1,0
DA:10,0
DA:12,0
DA:14,0
DA:17,0
DA:21,0
DA:22,0
DA:27,0
DA:36,0
DA:40,0
DA:47,0
LF:11
LH:0
BRDA:1,0,0,0
BRDA:1,0,1,0
BRDA:1,1,0,0
BRDA:1,1,1,0
BRDA:1,2,0,0
BRDA:1,2,1,0
BRDA:1,3,0,0
BRDA:1,3,1,0
BRDA:10,4,0,0
BRDA:10,4,1,0
BRDA:10,5,0,0
BRDA:10,5,1,0
BRDA:10,6,0,0
BRDA:10,6,1,0
BRDA:10,7,0,0
BRDA:10,7,1,0
BRDA:10,7,2,0
BRDA:10,8,0,0
BRDA:10,8,1,0
BRDA:10,9,0,0
BRDA:10,9,1,0
BRDA:10,10,0,0
BRDA:10,10,1,0
BRDA:10,11,0,0
BRDA:10,11,1,0
BRDA:10,12,0,0
BRDA:10,12,1,0
BRDA:14,13,0,0
BRDA:14,13,1,0
BRF:29
BRH:0
end_of_record
TN:
SF:/Users/rodrigooler/Projects/react-grommet-boilerplate/src/js/messages/en-US.js
FNF:0
FNH:0
DA:1,0
LF:1
LH:0
BRF:0
BRH:0
end_of_record
TN:
SF:/Users/rodrigooler/Projects/react-grommet-boilerplate/src/js/messages/pt-BR.js
FNF:0
FNH:0
DA:1,0
LF:1
LH:0
BRF:0
BRH:0
end_of_record
TN:
SF:/Users/rodrigooler/Projects/react-grommet-boilerplate/src/js/reducers/dashboard.js
FN:9,(anonymous_0)
FN:16,(anonymous_1)
FNF:2
FNH:0
FNDA:0,(anonymous_0)
FNDA:0,(anonymous_1)
DA:1,0
DA:4,0
DA:8,0
DA:10,0
DA:11,0
DA:12,0
DA:14,0
LF:7
LH:0
BRDA:10,0,0,0
BRDA:10,0,1,0
BRF:2
BRH:0
end_of_record
TN:
SF:/Users/rodrigooler/Projects/react-grommet-boilerplate/src/js/reducers/nav.js
FN:20,(anonymous_0)
FN:24,(anonymous_1)
FN:28,(anonymous_2)
FNF:3
FNH:0
FNDA:0,(anonymous_0)
FNDA:0,(anonymous_1)
FNDA:0,(anonymous_2)
DA:1,0
DA:9,0
DA:19,0
DA:29,0
DA:30,0
DA:31,0
DA:32,0
DA:33,0
DA:34,0
DA:36,0
LF:10
LH:0
BRDA:30,0,0,0
BRDA:30,0,1,0
BRDA:30,1,0,0
BRDA:30,1,1,0
BRDA:33,2,0,0
BRDA:33,2,1,0
BRDA:33,3,0,0
BRDA:33,3,1,0
BRF:8
BRH:0
end_of_record
TN:
SF:/Users/rodrigooler/Projects/react-grommet-boilerplate/src/js/reducers/root.js
FN:6,_interopRequireDefault
FNF:1
FNH:0
FNDA:0,_interopRequireDefault
DA:1,0
DA:6,0
LF:2
LH:0
BRDA:6,0,0,0
BRDA:6,0,1,0
BRDA:6,1,0,0
BRDA:6,1,1,0
BRF:4
BRH:0
end_of_record
TN:
SF:/Users/rodrigooler/Projects/react-grommet-boilerplate/src/js/reducers/session.js
FN:9,(anonymous_0)
FN:10,(anonymous_1)
FN:16,(anonymous_2)
FNF:3
FNH:0
FNDA:0,(anonymous_0)
FNDA:0,(anonymous_1)
FNDA:0,(anonymous_2)
DA:1,0
DA:6,0
DA:8,0
DA:11,0
DA:12,0
DA:14,0
LF:6
LH:0
BRDA:11,0,0,0
BRDA:11,0,1,0
BRF:2
BRH:0
end_of_record
TN:
SF:/Users/rodrigooler/Projects/react-grommet-boilerplate/src/js/reducers/tasks.js
FN:10,(anonymous_0)
FN:17,(anonymous_1)
FN:18,(anonymous_2)
FN:25,(anonymous_3)
FNF:4
FNH:0
FNDA:0,(anonymous_0)
FNDA:0,(anonymous_1)
FNDA:0,(anonymous_2)
FNDA:0,(anonymous_3)
DA:1,0
DA:4,0
DA:9,0
DA:11,0
DA:12,0
DA:13,0
DA:15,0
DA:19,0
DA:20,0
DA:21,0
DA:23,0
LF:11
LH:0
BRDA:11,0,0,0
BRDA:11,0,1,0
BRDA:19,1,0,0
BRDA:19,1,1,0
BRF:4
BRH:0
end_of_record
TN:
SF:/Users/rodrigooler/Projects/react-grommet-boilerplate/src/js/reducers/utils.js
FN:1,(anonymous_0)
FN:1,createReducer
FN:2,(anonymous_2)
FNF:3
FNH:0
FNDA:0,(anonymous_0)
FNDA:0,createReducer
FNDA:0,(anonymous_2)
DA:1,0
DA:2,0
DA:3,0
DA:4,0
DA:5,0
LF:5
LH:0
BRDA:1,0,0,0
BRDA:1,0,1,0
BRDA:1,1,0,0
BRDA:1,1,1,0
BRDA:4,2,0,0
BRDA:4,2,1,0
BRF:6
BRH:0
end_of_record
TN:
SF:/Users/rodrigooler/Projects/react-grommet-boilerplate/src/js/screens/Dashboard.js
FN:1,(anonymous_0)
FN:1,(anonymous_1)
FN:1,defineProperties
FN:1,(anonymous_3)
FN:24,_classCallCheck
FN:24,_possibleConstructorReturn
FN:24,_inherits
FN:26,(anonymous_7)
FN:26,Dashboard
FN:26,componentDidMount
FN:31,componentWillUnmount
FN:35,render
FN:56,(anonymous_12)
FN:110,select
FNF:14
FNH:0
FNDA:0,(anonymous_0)
FNDA:0,(anonymous_1)
FNDA:0,defineProperties
FNDA:0,(anonymous_3)
FNDA:0,_classCallCheck
FNDA:0,_possibleConstructorReturn
FNDA:0,_inherits
FNDA:0,(anonymous_7)
FNDA:0,Dashboard
FNDA:0,componentDidMount
FNDA:0,componentWillUnmount
FNDA:0,render
FNDA:0,(anonymous_12)
FNDA:0,select
DA:1,0
DA:24,0
DA:26,0
DA:30,0
DA:34,0
DA:41,0
DA:42,0
DA:43,0
DA:44,0
DA:48,0
DA:49,0
DA:56,0
DA:69,0
DA:76,0
DA:97,0
DA:100,0
DA:106,0
DA:110,0
LF:18
LH:0
BRDA:1,0,0,0
BRDA:1,0,1,0
BRDA:1,1,0,0
BRDA:1,1,1,0
BRDA:1,2,0,0
BRDA:1,2,1,0
BRDA:1,3,0,0
BRDA:1,3,1,0
BRDA:1,4,0,0
BRDA:1,4,1,0
BRDA:1,5,0,0
BRDA:1,5,1,0
BRDA:24,6,0,0
BRDA:24,6,1,0
BRDA:24,7,0,0
BRDA:24,7,1,0
BRDA:24,8,0,0
BRDA:24,8,1,0
BRDA:24,9,0,0
BRDA:24,9,1,0
BRDA:24,9,2,0
BRDA:24,10,0,0
BRDA:24,10,1,0
BRDA:24,11,0,0
BRDA:24,11,1,0
BRDA:24,12,0,0
BRDA:24,12,1,0
BRDA:24,13,0,0
BRDA:24,13,1,0
BRDA:24,14,0,0
BRDA:24,14,1,0
BRDA:26,15,0,0
BRDA:26,15,1,0
BRDA:43,16,0,0
BRDA:43,16,1,0
BRDA:48,17,0,0
BRDA:48,17,1,0
BRDA:56,18,0,0
BRDA:56,18,1,0
BRF:39
BRH:0
end_of_record
TN:
SF:/Users/rodrigooler/Projects/react-grommet-boilerplate/src/js/screens/Login.js
FN:1,(anonymous_0)
FN:1,defineProperties
FN:1,(anonymous_2)
FN:16,_classCallCheck
FN:16,_possibleConstructorReturn
FN:16,_inherits
FN:18,(anonymous_6)
FN:20,Login
FN:23,componentDidMount
FN:28,componentWillUnmount
FN:32,_onSubmit
FN:37,(anonymous_11)
FN:40,render
FN:86,select
FNF:14
FNH:0
FNDA:0,(anonymous_0)
FNDA:0,defineProperties
FNDA:0,(anonymous_2)
FNDA:0,_classCallCheck
FNDA:0,_possibleConstructorReturn
FNDA:0,_inherits
FNDA:0,(anonymous_6)
FNDA:0,Login
FNDA:0,componentDidMount
FNDA:0,componentWillUnmount
FNDA:0,_onSubmit
FNDA:0,(anonymous_11)
FNDA:0,render
FNDA:0,select
DA:1,0
DA:16,0
DA:18,0
DA:20,0
DA:23,0
DA:27,0
DA:31,0
DA:37,0
DA:45,0
DA:72,0
DA:75,0
DA:82,0
DA:86,0
LF:13
LH:0
BRDA:1,0,0,0
BRDA:1,0,1,0
BRDA:1,1,0,0
BRDA:1,1,1,0
BRDA:1,2,0,0
BRDA:1,2,1,0
BRDA:1,3,0,0
BRDA:1,3,1,0
BRDA:16,4,0,0
BRDA:16,4,1,0
BRDA:16,5,0,0
BRDA:16,5,1,0
BRDA:16,6,0,0
BRDA:16,6,1,0
BRDA:16,7,0,0
BRDA:16,7,1,0
BRDA:16,7,2,0
BRDA:16,8,0,0
BRDA:16,8,1,0
BRDA:16,9,0,0
BRDA:16,9,1,0
BRDA:16,10,0,0
BRDA:16,10,1,0
BRDA:16,11,0,0
BRDA:16,11,1,0
BRDA:16,12,0,0
BRDA:16,12,1,0
BRDA:20,13,0,0
BRDA:20,13,1,0
BRF:29
BRH:0
end_of_record
TN:
SF:/Users/rodrigooler/Projects/react-grommet-boilerplate/src/js/screens/NotFound.js
FN:1,(anonymous_0)
FN:1,defineProperties
FN:1,(anonymous_2)
FN:10,_classCallCheck
FN:10,_possibleConstructorReturn
FN:10,_inherits
FN:12,(anonymous_6)
FN:12,NotFound
FN:12,componentDidMount
FN:17,componentWillUnmount
FN:21,render
FNF:11
FNH:0
FNDA:0,(anonymous_0)
FNDA:0,defineProperties
FNDA:0,(anonymous_2)
FNDA:0,_classCallCheck
FNDA:0,_possibleConstructorReturn
FNDA:0,_inherits
FNDA:0,(anonymous_6)
FNDA:0,NotFound
FNDA:0,componentDidMount
FNDA:0,componentWillUnmount
FNDA:0,render
DA:1,0
DA:10,0
DA:12,0
DA:16,0
DA:20,0
DA:24,0
DA:34,0
DA:37,0
LF:8
LH:0
BRDA:1,0,0,0
BRDA:1,0,1,0
BRDA:1,1,0,0
BRDA:1,1,1,0
BRDA:1,2,0,0
BRDA:1,2,1,0
BRDA:1,3,0,0
BRDA:1,3,1,0
BRDA:10,4,0,0
BRDA:10,4,1,0
BRDA:10,5,0,0
BRDA:10,5,1,0
BRDA:10,6,0,0
BRDA:10,6,1,0
BRDA:10,7,0,0
BRDA:10,7,1,0
BRDA:10,7,2,0
BRDA:10,8,0,0
BRDA:10,8,1,0
BRDA:10,9,0,0
BRDA:10,9,1,0
BRDA:10,10,0,0
BRDA:10,10,1,0
BRDA:10,11,0,0
BRDA:10,11,1,0
BRDA:10,12,0,0
BRDA:10,12,1,0
BRDA:12,13,0,0
BRDA:12,13,1,0
BRF:29
BRH:0
end_of_record
TN:
SF:/Users/rodrigooler/Projects/react-grommet-boilerplate/src/js/screens/Task.js
FN:1,(anonymous_0)
FN:1,(anonymous_1)
FN:1,defineProperties
FN:1,(anonymous_3)
FN:20,_classCallCheck
FN:20,_possibleConstructorReturn
FN:20,_inherits
FN:22,(anonymous_7)
FN:22,Task
FN:22,componentDidMount
FN:28,componentWillUnmount
FN:33,render
FN:94,select
FNF:13
FNH:0
FNDA:0,(anonymous_0)
FNDA:0,(anonymous_1)
FNDA:0,defineProperties
FNDA:0,(anonymous_3)
FNDA:0,_classCallCheck
FNDA:0,_possibleConstructorReturn
FNDA:0,_inherits
FNDA:0,(anonymous_7)
FNDA:0,Task
FNDA:0,componentDidMount
FNDA:0,componentWillUnmount
FNDA:0,render
FNDA:0,select
DA:1,0
DA:20,0
DA:22,0
DA:27,0
DA:32,0
DA:38,0
DA:39,0
DA:40,0
DA:41,0
DA:45,0
DA:46,0
DA:53,0
DA:67,0
DA:84,0
DA:87,0
DA:94,0
LF:16
LH:0
BRDA:1,0,0,0
BRDA:1,0,1,0
BRDA:1,1,0,0
BRDA:1,1,1,0
BRDA:1,2,0,0
BRDA:1,2,1,0
BRDA:1,3,0,0
BRDA:1,3,1,0
BRDA:1,4,0,0
BRDA:1,4,1,0
BRDA:1,5,0,0
BRDA:1,5,1,0
BRDA:20,6,0,0
BRDA:20,6,1,0
BRDA:20,7,0,0
BRDA:20,7,1,0
BRDA:20,8,0,0
BRDA:20,8,1,0
BRDA:20,9,0,0
BRDA:20,9,1,0
BRDA:20,9,2,0
BRDA:20,10,0,0
BRDA:20,10,1,0
BRDA:20,11,0,0
BRDA:20,11,1,0
BRDA:20,12,0,0
BRDA:20,12,1,0
BRDA:20,13,0,0
BRDA:20,13,1,0
BRDA:20,14,0,0
BRDA:20,14,1,0
BRDA:22,15,0,0
BRDA:22,15,1,0
BRDA:40,16,0,0
BRDA:40,16,1,0
BRDA:45,17,0,0
BRDA:45,17,1,0
BRDA:76,18,0,0
BRDA:76,18,1,0
BRF:39
BRH:0
end_of_record
TN:
SF:/Users/rodrigooler/Projects/react-grommet-boilerplate/src/js/screens/Tasks.js
FN:1,(anonymous_0)
FN:1,(anonymous_1)
FN:1,defineProperties
FN:1,(anonymous_3)
FN:24,_classCallCheck
FN:24,_possibleConstructorReturn
FN:24,_inherits
FN:26,(anonymous_7)
FN:26,Tasks
FN:26,componentDidMount
FN:31,componentWillUnmount
FN:35,render
FN:56,(anonymous_12)
FN:104,select
FNF:14
FNH:0
FNDA:0,(anonymous_0)
FNDA:0,(anonymous_1)
FNDA:0,defineProperties
FNDA:0,(anonymous_3)
FNDA:0,_classCallCheck
FNDA:0,_possibleConstructorReturn
FNDA:0,_inherits
FNDA:0,(anonymous_7)
FNDA:0,Tasks
FNDA:0,componentDidMount
FNDA:0,componentWillUnmount
FNDA:0,render
FNDA:0,(anonymous_12)
FNDA:0,select
DA:1,0
DA:24,0
DA:26,0
DA:30,0
DA:34,0
DA:41,0
DA:42,0
DA:43,0
DA:44,0
DA:48,0
DA:49,0
DA:56,0
DA:69,0
DA:76,0
DA:91,0
DA:94,0
DA:100,0
DA:104,0
LF:18
LH:0
BRDA:1,0,0,0
BRDA:1,0,1,0
BRDA:1,1,0,0
BRDA:1,1,1,0
BRDA:1,2,0,0
BRDA:1,2,1,0
BRDA:1,3,0,0
BRDA:1,3,1,0
BRDA:1,4,0,0
BRDA:1,4,1,0
BRDA:1,5,0,0
BRDA:1,5,1,0
BRDA:24,6,0,0
BRDA:24,6,1,0
BRDA:24,7,0,0
BRDA:24,7,1,0
BRDA:24,8,0,0
BRDA:24,8,1,0
BRDA:24,9,0,0
BRDA:24,9,1,0
BRDA:24,9,2,0
BRDA:24,10,0,0
BRDA:24,10,1,0
BRDA:24,11,0,0
BRDA:24,11,1,0
BRDA:24,12,0,0
BRDA:24,12,1,0
BRDA:24,13,0,0
BRDA:24,13,1,0
BRDA:24,14,0,0
BRDA:24,14,1,0
BRDA:26,15,0,0
BRDA:26,15,1,0
BRDA:43,16,0,0
BRDA:43,16,1,0
BRDA:48,17,0,0
BRDA:48,17,1,0
BRDA:56,18,0,0
BRDA:56,18,1,0
BRF:39
BRH:0
end_of_record
TN:
SF:/Users/rodrigooler/Projects/react-grommet-boilerplate/src/js/screens/utils.js
FN:5,pageLoaded
FNF:1
FNH:0
FNDA:0,pageLoaded
DA:1,0
DA:5,0
DA:6,0
DA:7,0
DA:8,0
DA:10,0
DA:13,0
LF:7
LH:0
BRDA:6,0,0,0
BRDA:6,0,1,0
BRDA:7,1,0,0
BRDA:7,1,1,0
BRDA:7,2,0,0
BRDA:7,2,1,0
BRF:6
BRH:0
end_of_record
